<?xml version="1.0" encoding="UTF-8"?>
<!-- Generated by org.testng.reporters.JUnitReportReporter -->
<testsuite hostname="FRA-1800499229" failures="0" tests="1" name="Tests.Signup_Login" time="12.843" errors="0" timestamp="2022-08-07T04:33:35 CEST" skipped="0">
  <testcase classname="Tests.Signup_Login" name="verifyValidSignUp" time="12.843"/>
  <system-out/>
</testsuite> <!-- Tests.Signup_Login -->
